2023.08.03 16:26:37.693005 [ 31 ] {} <Warning> Context: Maximum number of threads is lower than 30000. There could be problems with handling a lot of simultaneous queries.
2023.08.03 16:26:37.764472 [ 31 ] {} <Error> CertificateReloader: Cannot obtain modification time for certificate file /etc/clickhouse-server/server.crt, skipping update. errno: 2, strerror: No such file or directory
2023.08.03 16:26:37.766935 [ 31 ] {} <Error> CertificateReloader: Cannot obtain modification time for key file /etc/clickhouse-server/server.key, skipping update. errno: 2, strerror: No such file or directory
2023.08.03 16:26:37.770968 [ 31 ] {} <Error> CertificateReloader: Poco::Exception. Code: 1000, e.code() = 0, SSL context exception: Error loading private key from file /etc/clickhouse-server/server.key: error:02000002:system library:OPENSSL_internal:No such file or directory (version 23.7.1.2470 (official build))
2023.08.03 16:26:37.780947 [ 31 ] {} <Warning> Access(local directory): File /bitnami/clickhouse/data/access/users.list doesn't exist
2023.08.03 16:26:37.781116 [ 31 ] {} <Warning> Access(local directory): Recovering lists in directory /bitnami/clickhouse/data/access/
2023.08.03 16:26:37.824216 [ 31 ] {} <Warning> Context: Table system.session_log is enabled. It's unreliable and may contain garbage. Do not use it for any kind of security monitoring.
2023.08.03 16:26:37.931327 [ 31 ] {} <Error> CertificateReloader: Cannot obtain modification time for certificate file /etc/clickhouse-server/server.crt, skipping update. errno: 2, strerror: No such file or directory
2023.08.03 16:26:37.931739 [ 31 ] {} <Error> CertificateReloader: Cannot obtain modification time for key file /etc/clickhouse-server/server.key, skipping update. errno: 2, strerror: No such file or directory
2023.08.03 16:26:37.932443 [ 31 ] {} <Error> CertificateReloader: Poco::Exception. Code: 1000, e.code() = 0, SSL context exception: Error loading private key from file /etc/clickhouse-server/server.key: error:02000002:system library:OPENSSL_internal:No such file or directory (version 23.7.1.2470 (official build))
2023.08.03 16:31:11.490585 [ 31 ] {} <Warning> Context: Maximum number of threads is lower than 30000. There could be problems with handling a lot of simultaneous queries.
2023.08.03 16:31:11.542297 [ 31 ] {} <Error> CertificateReloader: Cannot obtain modification time for certificate file /etc/clickhouse-server/server.crt, skipping update. errno: 2, strerror: No such file or directory
2023.08.03 16:31:11.544962 [ 31 ] {} <Error> CertificateReloader: Cannot obtain modification time for key file /etc/clickhouse-server/server.key, skipping update. errno: 2, strerror: No such file or directory
2023.08.03 16:31:11.562677 [ 31 ] {} <Error> CertificateReloader: Poco::Exception. Code: 1000, e.code() = 0, SSL context exception: Error loading private key from file /etc/clickhouse-server/server.key: error:02000002:system library:OPENSSL_internal:No such file or directory (version 23.7.1.2470 (official build))
2023.08.03 16:31:11.664382 [ 31 ] {} <Warning> Context: Table system.session_log is enabled. It's unreliable and may contain garbage. Do not use it for any kind of security monitoring.
2023.08.03 16:31:11.851991 [ 31 ] {} <Error> CertificateReloader: Cannot obtain modification time for certificate file /etc/clickhouse-server/server.crt, skipping update. errno: 2, strerror: No such file or directory
2023.08.03 16:31:11.852416 [ 31 ] {} <Error> CertificateReloader: Cannot obtain modification time for key file /etc/clickhouse-server/server.key, skipping update. errno: 2, strerror: No such file or directory
2023.08.03 16:31:11.853160 [ 31 ] {} <Error> CertificateReloader: Poco::Exception. Code: 1000, e.code() = 0, SSL context exception: Error loading private key from file /etc/clickhouse-server/server.key: error:02000002:system library:OPENSSL_internal:No such file or directory (version 23.7.1.2470 (official build))
2023.08.03 16:31:53.100871 [ 31 ] {} <Warning> Context: Maximum number of threads is lower than 30000. There could be problems with handling a lot of simultaneous queries.
2023.08.03 16:31:53.153594 [ 31 ] {} <Error> CertificateReloader: Cannot obtain modification time for certificate file /etc/clickhouse-server/server.crt, skipping update. errno: 2, strerror: No such file or directory
2023.08.03 16:31:53.154533 [ 31 ] {} <Error> CertificateReloader: Cannot obtain modification time for key file /etc/clickhouse-server/server.key, skipping update. errno: 2, strerror: No such file or directory
2023.08.03 16:31:53.155822 [ 31 ] {} <Error> CertificateReloader: Poco::Exception. Code: 1000, e.code() = 0, SSL context exception: Error loading private key from file /etc/clickhouse-server/server.key: error:02000002:system library:OPENSSL_internal:No such file or directory (version 23.7.1.2470 (official build))
2023.08.03 16:31:53.270041 [ 31 ] {} <Warning> Context: Table system.session_log is enabled. It's unreliable and may contain garbage. Do not use it for any kind of security monitoring.
2023.08.03 16:31:53.477906 [ 31 ] {} <Error> CertificateReloader: Cannot obtain modification time for certificate file /etc/clickhouse-server/server.crt, skipping update. errno: 2, strerror: No such file or directory
2023.08.03 16:31:53.478350 [ 31 ] {} <Error> CertificateReloader: Cannot obtain modification time for key file /etc/clickhouse-server/server.key, skipping update. errno: 2, strerror: No such file or directory
2023.08.03 16:31:53.479042 [ 31 ] {} <Error> CertificateReloader: Poco::Exception. Code: 1000, e.code() = 0, SSL context exception: Error loading private key from file /etc/clickhouse-server/server.key: error:02000002:system library:OPENSSL_internal:No such file or directory (version 23.7.1.2470 (official build))
